<?xml version="1.0" encoding="UTF-8"?>
<testsuite xmlns:xsi="http://www.w3.org/2001/XMLSchema-instance" xsi:noNamespaceSchemaLocation="https://maven.apache.org/surefire/maven-surefire-plugin/xsd/surefire-test-report-3.0.xsd" version="3.0" name="com.grocery.integration.CheckoutIntegrationTest" time="0.16" tests="11" errors="0" skipped="0" failures="0">
  <properties>
[...]
</properties>
  <testcase name="testCompleteCheckoutFlow" classname="com.grocery.integration.CheckoutIntegrationTest" time="0.119">
    <system-out><![CDATA[2026-01-22 23:10:43.082 [main] DEBUG c.g.d.BuyTwoGetOneFreeDiscount - Created BuyTwoGetOneFreeDiscount for item: Bananas
2026-01-22 23:10:43.088 [main] DEBUG c.g.discount.BulkDiscountDiscount - Created BulkDiscountDiscount for item: Oranges, 3 for £0.75
2026-01-22 23:10:43.088 [main] INFO  com.grocery.service.CheckoutService - CheckoutService initialized with 2 discounts
2026-01-22 23:10:43.091 [main] INFO  com.grocery.service.CheckoutService - Processing checkout for basket with 2 unique items
2026-01-22 23:10:43.091 [main] DEBUG com.grocery.service.CheckoutService - Item: Bananas, Quantity: 4, Unit Price: 0.50, Total: 2.00
2026-01-22 23:10:43.091 [main] DEBUG c.g.d.BuyTwoGetOneFreeDiscount - Discount applied for Bananas: quantity=4, freeItems=1, discountAmount=0.50
2026-01-22 23:10:43.092 [main] INFO  com.grocery.service.CheckoutService - Applied discount 'Buy 2 Get 1 Free' to Bananas: -£0.50
2026-01-22 23:10:43.092 [main] DEBUG com.grocery.service.CheckoutService - Item: Oranges, Quantity: 5, Unit Price: 0.30, Total: 1.50
2026-01-22 23:10:43.092 [main] DEBUG c.g.discount.BulkDiscountDiscount - Discount applied for Oranges: quantity=5, discountGroups=1, remainder=2, discountAmount=0.15
2026-01-22 23:10:43.093 [main] INFO  com.grocery.service.CheckoutService - Applied discount '3 for £0.75' to Oranges: -£0.15
2026-01-22 23:10:43.093 [main] INFO  com.grocery.service.CheckoutService - Checkout processed - Subtotal: 3.50, Total Discount: 0.65, Final Total: 2.85
2026-01-22 23:10:43.094 [main] DEBUG c.grocery.receipt.ReceiptFormatter - Formatting receipt from checkout result with 2 items
]]></system-out>
  </testcase>
  <testcase name="testCheckout_OnlyOrangesWithDiscount" classname="com.grocery.integration.CheckoutIntegrationTest" time="0.002">
    <system-out><![CDATA[2026-01-22 23:10:43.100 [main] DEBUG c.g.d.BuyTwoGetOneFreeDiscount - Created BuyTwoGetOneFreeDiscount for item: Bananas
2026-01-22 23:10:43.101 [main] DEBUG c.g.discount.BulkDiscountDiscount - Created BulkDiscountDiscount for item: Oranges, 3 for £0.75
2026-01-22 23:10:43.101 [main] INFO  com.grocery.service.CheckoutService - CheckoutService initialized with 2 discounts
2026-01-22 23:10:43.102 [main] INFO  com.grocery.service.CheckoutService - Processing checkout for basket with 1 unique items
2026-01-22 23:10:43.102 [main] DEBUG com.grocery.service.CheckoutService - Item: Oranges, Quantity: 3, Unit Price: 0.30, Total: 0.90
2026-01-22 23:10:43.102 [main] DEBUG c.g.discount.BulkDiscountDiscount - Discount applied for Oranges: quantity=3, discountGroups=1, remainder=0, discountAmount=0.15
2026-01-22 23:10:43.102 [main] INFO  com.grocery.service.CheckoutService - Applied discount '3 for £0.75' to Oranges: -£0.15
2026-01-22 23:10:43.102 [main] INFO  com.grocery.service.CheckoutService - Checkout processed - Subtotal: 0.90, Total Discount: 0.15, Final Total: 0.75
]]></system-out>
  </testcase>
  <testcase name="testCheckout_BananasJustBelowDiscount" classname="com.grocery.integration.CheckoutIntegrationTest" time="0.001">
    <system-out><![CDATA[2026-01-22 23:10:43.103 [main] DEBUG c.g.d.BuyTwoGetOneFreeDiscount - Created BuyTwoGetOneFreeDiscount for item: Bananas
2026-01-22 23:10:43.104 [main] DEBUG c.g.discount.BulkDiscountDiscount - Created BulkDiscountDiscount for item: Oranges, 3 for £0.75
2026-01-22 23:10:43.104 [main] INFO  com.grocery.service.CheckoutService - CheckoutService initialized with 2 discounts
2026-01-22 23:10:43.104 [main] INFO  com.grocery.service.CheckoutService - Processing checkout for basket with 1 unique items
2026-01-22 23:10:43.104 [main] DEBUG com.grocery.service.CheckoutService - Item: Bananas, Quantity: 2, Unit Price: 0.50, Total: 1.00
2026-01-22 23:10:43.104 [main] DEBUG c.g.d.BuyTwoGetOneFreeDiscount - No discount applied for Bananas - quantity 2 is less than 3
2026-01-22 23:10:43.104 [main] INFO  com.grocery.service.CheckoutService - Checkout processed - Subtotal: 1.00, Total Discount: 0, Final Total: 1.00
]]></system-out>
  </testcase>
  <testcase name="testCheckout_OnlyBananasWithDiscount" classname="com.grocery.integration.CheckoutIntegrationTest" time="0.002">
    <system-out><![CDATA[2026-01-22 23:10:43.105 [main] DEBUG c.g.d.BuyTwoGetOneFreeDiscount - Created BuyTwoGetOneFreeDiscount for item: Bananas
2026-01-22 23:10:43.105 [main] DEBUG c.g.discount.BulkDiscountDiscount - Created BulkDiscountDiscount for item: Oranges, 3 for £0.75
2026-01-22 23:10:43.105 [main] INFO  com.grocery.service.CheckoutService - CheckoutService initialized with 2 discounts
2026-01-22 23:10:43.106 [main] INFO  com.grocery.service.CheckoutService - Processing checkout for basket with 1 unique items
2026-01-22 23:10:43.106 [main] DEBUG com.grocery.service.CheckoutService - Item: Bananas, Quantity: 3, Unit Price: 0.50, Total: 1.50
2026-01-22 23:10:43.106 [main] DEBUG c.g.d.BuyTwoGetOneFreeDiscount - Discount applied for Bananas: quantity=3, freeItems=1, discountAmount=0.50
2026-01-22 23:10:43.106 [main] INFO  com.grocery.service.CheckoutService - Applied discount 'Buy 2 Get 1 Free' to Bananas: -£0.50
2026-01-22 23:10:43.106 [main] INFO  com.grocery.service.CheckoutService - Checkout processed - Subtotal: 1.50, Total Discount: 0.50, Final Total: 1.00
]]></system-out>
  </testcase>
  <testcase name="testCheckout_LargeQuantitiesOranges" classname="com.grocery.integration.CheckoutIntegrationTest" time="0.002">
    <system-out><![CDATA[2026-01-22 23:10:43.107 [main] DEBUG c.g.d.BuyTwoGetOneFreeDiscount - Created BuyTwoGetOneFreeDiscount for item: Bananas
2026-01-22 23:10:43.108 [main] DEBUG c.g.discount.BulkDiscountDiscount - Created BulkDiscountDiscount for item: Oranges, 3 for £0.75
2026-01-22 23:10:43.108 [main] INFO  com.grocery.service.CheckoutService - CheckoutService initialized with 2 discounts
2026-01-22 23:10:43.108 [main] INFO  com.grocery.service.CheckoutService - Processing checkout for basket with 1 unique items
2026-01-22 23:10:43.108 [main] DEBUG com.grocery.service.CheckoutService - Item: Oranges, Quantity: 12, Unit Price: 0.30, Total: 3.60
2026-01-22 23:10:43.108 [main] DEBUG c.g.discount.BulkDiscountDiscount - Discount applied for Oranges: quantity=12, discountGroups=4, remainder=0, discountAmount=0.60
2026-01-22 23:10:43.109 [main] INFO  com.grocery.service.CheckoutService - Applied discount '3 for £0.75' to Oranges: -£0.60
2026-01-22 23:10:43.109 [main] INFO  com.grocery.service.CheckoutService - Checkout processed - Subtotal: 3.60, Total Discount: 0.60, Final Total: 3.00
]]></system-out>
  </testcase>
  <testcase name="testCheckout_MixedItemsNoDiscounts" classname="com.grocery.integration.CheckoutIntegrationTest" time="0.003">
    <system-out><![CDATA[2026-01-22 23:10:43.110 [main] DEBUG c.g.d.BuyTwoGetOneFreeDiscount - Created BuyTwoGetOneFreeDiscount for item: Bananas
2026-01-22 23:10:43.110 [main] DEBUG c.g.discount.BulkDiscountDiscount - Created BulkDiscountDiscount for item: Oranges, 3 for £0.75
2026-01-22 23:10:43.110 [main] INFO  com.grocery.service.CheckoutService - CheckoutService initialized with 2 discounts
2026-01-22 23:10:43.110 [main] INFO  com.grocery.service.CheckoutService - Processing checkout for basket with 3 unique items
2026-01-22 23:10:43.110 [main] DEBUG com.grocery.service.CheckoutService - Item: Apples, Quantity: 2, Unit Price: 0.60, Total: 1.20
2026-01-22 23:10:43.110 [main] DEBUG com.grocery.service.CheckoutService - Item: Lemons, Quantity: 4, Unit Price: 0.25, Total: 1.00
2026-01-22 23:10:43.111 [main] DEBUG com.grocery.service.CheckoutService - Item: Peaches, Quantity: 1, Unit Price: 0.75, Total: 0.75
2026-01-22 23:10:43.111 [main] INFO  com.grocery.service.CheckoutService - Checkout processed - Subtotal: 2.95, Total Discount: 0, Final Total: 2.95
]]></system-out>
  </testcase>
  <testcase name="testCheckout_AllItemsWithMultipleDiscounts" classname="com.grocery.integration.CheckoutIntegrationTest" time="0.001">
    <system-out><![CDATA[2026-01-22 23:10:43.113 [main] DEBUG c.g.d.BuyTwoGetOneFreeDiscount - Created BuyTwoGetOneFreeDiscount for item: Bananas
2026-01-22 23:10:43.113 [main] DEBUG c.g.discount.BulkDiscountDiscount - Created BulkDiscountDiscount for item: Oranges, 3 for £0.75
2026-01-22 23:10:43.113 [main] INFO  com.grocery.service.CheckoutService - CheckoutService initialized with 2 discounts
2026-01-22 23:10:43.113 [main] INFO  com.grocery.service.CheckoutService - Processing checkout for basket with 5 unique items
2026-01-22 23:10:43.113 [main] DEBUG com.grocery.service.CheckoutService - Item: Bananas, Quantity: 6, Unit Price: 0.50, Total: 3.00
2026-01-22 23:10:43.113 [main] DEBUG c.g.d.BuyTwoGetOneFreeDiscount - Discount applied for Bananas: quantity=6, freeItems=2, discountAmount=1.00
2026-01-22 23:10:43.113 [main] INFO  com.grocery.service.CheckoutService - Applied discount 'Buy 2 Get 1 Free' to Bananas: -£1.00
2026-01-22 23:10:43.113 [main] DEBUG com.grocery.service.CheckoutService - Item: Oranges, Quantity: 9, Unit Price: 0.30, Total: 2.70
2026-01-22 23:10:43.114 [main] DEBUG c.g.discount.BulkDiscountDiscount - Discount applied for Oranges: quantity=9, discountGroups=3, remainder=0, discountAmount=0.45
2026-01-22 23:10:43.114 [main] INFO  com.grocery.service.CheckoutService - Applied discount '3 for £0.75' to Oranges: -£0.45
2026-01-22 23:10:43.114 [main] DEBUG com.grocery.service.CheckoutService - Item: Apples, Quantity: 2, Unit Price: 0.60, Total: 1.20
2026-01-22 23:10:43.114 [main] DEBUG com.grocery.service.CheckoutService - Item: Lemons, Quantity: 3, Unit Price: 0.25, Total: 0.75
2026-01-22 23:10:43.114 [main] DEBUG com.grocery.service.CheckoutService - Item: Peaches, Quantity: 1, Unit Price: 0.75, Total: 0.75
2026-01-22 23:10:43.114 [main] INFO  com.grocery.service.CheckoutService - Checkout processed - Subtotal: 8.40, Total Discount: 1.45, Final Total: 6.95
]]></system-out>
  </testcase>
  <testcase name="testCheckout_LargeQuantitiesBananas" classname="com.grocery.integration.CheckoutIntegrationTest" time="0.001">
    <system-out><![CDATA[2026-01-22 23:10:43.115 [main] DEBUG c.g.d.BuyTwoGetOneFreeDiscount - Created BuyTwoGetOneFreeDiscount for item: Bananas
2026-01-22 23:10:43.115 [main] DEBUG c.g.discount.BulkDiscountDiscount - Created BulkDiscountDiscount for item: Oranges, 3 for £0.75
2026-01-22 23:10:43.115 [main] INFO  com.grocery.service.CheckoutService - CheckoutService initialized with 2 discounts
2026-01-22 23:10:43.115 [main] INFO  com.grocery.service.CheckoutService - Processing checkout for basket with 1 unique items
2026-01-22 23:10:43.115 [main] DEBUG com.grocery.service.CheckoutService - Item: Bananas, Quantity: 10, Unit Price: 0.50, Total: 5.00
2026-01-22 23:10:43.115 [main] DEBUG c.g.d.BuyTwoGetOneFreeDiscount - Discount applied for Bananas: quantity=10, freeItems=3, discountAmount=1.50
2026-01-22 23:10:43.115 [main] INFO  com.grocery.service.CheckoutService - Applied discount 'Buy 2 Get 1 Free' to Bananas: -£1.50
2026-01-22 23:10:43.115 [main] INFO  com.grocery.service.CheckoutService - Checkout processed - Subtotal: 5.00, Total Discount: 1.50, Final Total: 3.50
]]></system-out>
  </testcase>
  <testcase name="testExample_ThreebananasFourOrangesOneApple" classname="com.grocery.integration.CheckoutIntegrationTest" time="0.002">
    <system-out><![CDATA[2026-01-22 23:10:43.117 [main] DEBUG c.g.d.BuyTwoGetOneFreeDiscount - Created BuyTwoGetOneFreeDiscount for item: Bananas
2026-01-22 23:10:43.117 [main] DEBUG c.g.discount.BulkDiscountDiscount - Created BulkDiscountDiscount for item: Oranges, 3 for £0.75
2026-01-22 23:10:43.117 [main] INFO  com.grocery.service.CheckoutService - CheckoutService initialized with 2 discounts
2026-01-22 23:10:43.117 [main] INFO  com.grocery.service.CheckoutService - Processing checkout for basket with 3 unique items
2026-01-22 23:10:43.117 [main] DEBUG com.grocery.service.CheckoutService - Item: Bananas, Quantity: 3, Unit Price: 0.50, Total: 1.50
2026-01-22 23:10:43.117 [main] DEBUG c.g.d.BuyTwoGetOneFreeDiscount - Discount applied for Bananas: quantity=3, freeItems=1, discountAmount=0.50
2026-01-22 23:10:43.117 [main] INFO  com.grocery.service.CheckoutService - Applied discount 'Buy 2 Get 1 Free' to Bananas: -£0.50
2026-01-22 23:10:43.117 [main] DEBUG com.grocery.service.CheckoutService - Item: Oranges, Quantity: 4, Unit Price: 0.30, Total: 1.20
2026-01-22 23:10:43.117 [main] DEBUG c.g.discount.BulkDiscountDiscount - Discount applied for Oranges: quantity=4, discountGroups=1, remainder=1, discountAmount=0.15
2026-01-22 23:10:43.117 [main] INFO  com.grocery.service.CheckoutService - Applied discount '3 for £0.75' to Oranges: -£0.15
2026-01-22 23:10:43.117 [main] DEBUG com.grocery.service.CheckoutService - Item: Apples, Quantity: 1, Unit Price: 0.60, Total: 0.60
2026-01-22 23:10:43.117 [main] INFO  com.grocery.service.CheckoutService - Checkout processed - Subtotal: 3.30, Total Discount: 0.65, Final Total: 2.65
]]></system-out>
  </testcase>
  <testcase name="testCheckout_OrangesJustBelowDiscount" classname="com.grocery.integration.CheckoutIntegrationTest" time="0.001">
    <system-out><![CDATA[2026-01-22 23:10:43.118 [main] DEBUG c.g.d.BuyTwoGetOneFreeDiscount - Created BuyTwoGetOneFreeDiscount for item: Bananas
2026-01-22 23:10:43.118 [main] DEBUG c.g.discount.BulkDiscountDiscount - Created BulkDiscountDiscount for item: Oranges, 3 for £0.75
2026-01-22 23:10:43.118 [main] INFO  com.grocery.service.CheckoutService - CheckoutService initialized with 2 discounts
2026-01-22 23:10:43.119 [main] INFO  com.grocery.service.CheckoutService - Processing checkout for basket with 1 unique items
2026-01-22 23:10:43.119 [main] DEBUG com.grocery.service.CheckoutService - Item: Oranges, Quantity: 2, Unit Price: 0.30, Total: 0.60
2026-01-22 23:10:43.119 [main] DEBUG c.g.discount.BulkDiscountDiscount - No discount applied for Oranges - quantity 2 is less than required 3
2026-01-22 23:10:43.119 [main] INFO  com.grocery.service.CheckoutService - Checkout processed - Subtotal: 0.60, Total Discount: 0, Final Total: 0.60
]]></system-out>
  </testcase>
  <testcase name="testReceiptGeneration" classname="com.grocery.integration.CheckoutIntegrationTest" time="0.004">
    <system-out><![CDATA[2026-01-22 23:10:43.120 [main] DEBUG c.g.d.BuyTwoGetOneFreeDiscount - Created BuyTwoGetOneFreeDiscount for item: Bananas
2026-01-22 23:10:43.120 [main] DEBUG c.g.discount.BulkDiscountDiscount - Created BulkDiscountDiscount for item: Oranges, 3 for £0.75
2026-01-22 23:10:43.120 [main] INFO  com.grocery.service.CheckoutService - CheckoutService initialized with 2 discounts
2026-01-22 23:10:43.121 [main] INFO  com.grocery.service.CheckoutService - Processing checkout for basket with 2 unique items
2026-01-22 23:10:43.121 [main] DEBUG com.grocery.service.CheckoutService - Item: Bananas, Quantity: 3, Unit Price: 0.50, Total: 1.50
2026-01-22 23:10:43.121 [main] DEBUG c.g.d.BuyTwoGetOneFreeDiscount - Discount applied for Bananas: quantity=3, freeItems=1, discountAmount=0.50
2026-01-22 23:10:43.121 [main] INFO  com.grocery.service.CheckoutService - Applied discount 'Buy 2 Get 1 Free' to Bananas: -£0.50
2026-01-22 23:10:43.121 [main] DEBUG com.grocery.service.CheckoutService - Item: Oranges, Quantity: 3, Unit Price: 0.30, Total: 0.90
2026-01-22 23:10:43.121 [main] DEBUG c.g.discount.BulkDiscountDiscount - Discount applied for Oranges: quantity=3, discountGroups=1, remainder=0, discountAmount=0.15
2026-01-22 23:10:43.121 [main] INFO  com.grocery.service.CheckoutService - Applied discount '3 for £0.75' to Oranges: -£0.15
2026-01-22 23:10:43.122 [main] INFO  com.grocery.service.CheckoutService - Checkout processed - Subtotal: 2.40, Total Discount: 0.65, Final Total: 1.75
2026-01-22 23:10:43.122 [main] DEBUG c.grocery.receipt.ReceiptFormatter - Formatting receipt from checkout result with 2 items
]]></system-out>
  </testcase>
</testsuite>