<?xml version="1.0" encoding="UTF-8"?>
<testsuite xmlns:xsi="http://www.w3.org/2001/XMLSchema-instance" xsi:noNamespaceSchemaLocation="https://maven.apache.org/surefire/maven-surefire-plugin/xsd/surefire-test-report-3.0.xsd" version="3.0" name="com.grocery.model.BasketTest" time="0.006" tests="14" errors="0" skipped="0" failures="0">
  <properties>
[...]
</properties>
  <testcase name="testAddMoreOfExistingItem" classname="com.grocery.model.BasketTest" time="0.0"/>
  <testcase name="testGetItems" classname="com.grocery.model.BasketTest" time="0.0"/>
  <testcase name="testAddSingleItem" classname="com.grocery.model.BasketTest" time="0.0"/>
  <testcase name="testEmptyBasketCreation" classname="com.grocery.model.BasketTest" time="0.0"/>
  <testcase name="testAddItemWithNullItem" classname="com.grocery.model.BasketTest" time="0.001"/>
  <testcase name="testAddItemWithZeroQuantity" classname="com.grocery.model.BasketTest" time="0.001"/>
  <testcase name="testGetQuantityOfNonExistentItem" classname="com.grocery.model.BasketTest" time="0.0"/>
  <testcase name="testAddMultipleItemsOfSameType" classname="com.grocery.model.BasketTest" time="0.0"/>
  <testcase name="testGetItems_UnmodifiableList" classname="com.grocery.model.BasketTest" time="0.0"/>
  <testcase name="testAddItemWithNegativeQuantity" classname="com.grocery.model.BasketTest" time="0.001"/>
  <testcase name="testAddMultipleDifferentItems" classname="com.grocery.model.BasketTest" time="0.0"/>
  <testcase name="testRemoveItem" classname="com.grocery.model.BasketTest" time="0.0"/>
  <testcase name="testRemoveNonExistentItem" classname="com.grocery.model.BasketTest" time="0.0"/>
  <testcase name="testClearBasket" classname="com.grocery.model.BasketTest" time="0.0"/>
</testsuite>